--------- beginning of main
04-21 21:26:27.029 17891 17922 I HermesRealtime: connect attempt=0 url=https://jupiter.tailecd7e7.ts.net/v1/events tokenExpiresAt=paired-via-qr
04-21 21:26:27.063 17891 17955 W HermesRealtime: onFailure httpCode=426 elapsedMs=34 exception=ProtocolException message=Expected HTTP 101 response but was '426 Upgrade Required' fullBody={
04-21 21:26:27.063 17891 17955 W HermesRealtime:   "type": "events_unavailable",
04-21 21:26:27.063 17891 17955 W HermesRealtime:   "detail": "WebSocket realtime is not implemented on Hermes WebUI /v1/events yet.",
04-21 21:26:27.063 17891 17955 W HermesRealtime:   "supported": false,
04-21 21:26:27.063 17891 17955 W HermesRealtime:   "endpoint": "/v1/events",
04-21 21:26:27.063 17891 17955 W HermesRealtime:   "retryable": true,
04-21 21:26:27.063 17891 17955 W HermesRealtime:   "fallbackPollEndpoints": [
04-21 21:26:27.063 17891 17955 W HermesRealtime:     "/v1/dashboard",
04-21 21:26:27.063 17891 17955 W HermesRealtime:     "/v1/approvals",
04-21 21:26:27.063 17891 17955 W HermesRealtime:     "/v1/conversation"
04-21 21:26:27.063 17891 17955 W HermesRealtime:   ]
04-21 21:26:27.063 17891 17955 W HermesRealtime: }
04-21 21:26:27.063 17891 17955 W HermesRealtime: java.net.ProtocolException: Expected HTTP 101 response but was '426 Upgrade Required'
04-21 21:26:27.063 17891 17955 W HermesRealtime: 	at okhttp3.internal.ws.RealWebSocket.checkUpgradeSuccess$okhttp(RealWebSocket.kt:224)
04-21 21:26:27.063 17891 17955 W HermesRealtime: 	at okhttp3.internal.ws.RealWebSocket$connect$1.onResponse(RealWebSocket.kt:170)
04-21 21:26:27.063 17891 17955 W HermesRealtime: 	at okhttp3.internal.connection.RealCall$AsyncCall.run(RealCall.kt:519)
04-21 21:26:27.063 17891 17955 W HermesRealtime: 	at java.util.concurrent.ThreadPoolExecutor.runWorker(ThreadPoolExecutor.java:1154)
04-21 21:26:27.063 17891 17955 W HermesRealtime: 	at java.util.concurrent.ThreadPoolExecutor$Worker.run(ThreadPoolExecutor.java:652)
04-21 21:26:27.063 17891 17955 W HermesRealtime: 	at java.lang.Thread.run(Thread.java:1564)
04-21 21:26:27.064 17891 17955 I HermesRealtime: gateway signalled unsupported; halting reconnect loop detail=WebSocket realtime is not implemented on Hermes WebUI /v1/events yet. fallback=null
04-21 21:26:27.065 17891 17922 I HermesRealtime: loop exiting cancelled=true isActive=true
04-21 21:28:03.808 19045 19086 I HermesRealtime: connect attempt=0 url=https://jupiter.tailecd7e7.ts.net/v1/events tokenExpiresAt=paired-via-qr
04-21 21:28:03.854 19045 19158 W HermesRealtime: onFailure httpCode=426 elapsedMs=45 exception=ProtocolException message=Expected HTTP 101 response but was '426 Upgrade Required' fullBody={
04-21 21:28:03.854 19045 19158 W HermesRealtime:   "type": "events_unavailable",
04-21 21:28:03.854 19045 19158 W HermesRealtime:   "detail": "WebSocket realtime is not implemented on Hermes WebUI /v1/events yet.",
04-21 21:28:03.854 19045 19158 W HermesRealtime:   "supported": false,
04-21 21:28:03.854 19045 19158 W HermesRealtime:   "endpoint": "/v1/events",
04-21 21:28:03.854 19045 19158 W HermesRealtime:   "retryable": true,
04-21 21:28:03.854 19045 19158 W HermesRealtime:   "fallbackPollEndpoints": [
04-21 21:28:03.854 19045 19158 W HermesRealtime:     "/v1/dashboard",
04-21 21:28:03.854 19045 19158 W HermesRealtime:     "/v1/approvals",
04-21 21:28:03.854 19045 19158 W HermesRealtime:     "/v1/conversation"
04-21 21:28:03.854 19045 19158 W HermesRealtime:   ]
04-21 21:28:03.854 19045 19158 W HermesRealtime: }
04-21 21:28:03.854 19045 19158 W HermesRealtime: java.net.ProtocolException: Expected HTTP 101 response but was '426 Upgrade Required'
04-21 21:28:03.854 19045 19158 W HermesRealtime: 	at okhttp3.internal.ws.RealWebSocket.checkUpgradeSuccess$okhttp(RealWebSocket.kt:224)
04-21 21:28:03.854 19045 19158 W HermesRealtime: 	at okhttp3.internal.ws.RealWebSocket$connect$1.onResponse(RealWebSocket.kt:170)
04-21 21:28:03.854 19045 19158 W HermesRealtime: 	at okhttp3.internal.connection.RealCall$AsyncCall.run(RealCall.kt:519)
04-21 21:28:03.854 19045 19158 W HermesRealtime: 	at java.util.concurrent.ThreadPoolExecutor.runWorker(ThreadPoolExecutor.java:1154)
04-21 21:28:03.854 19045 19158 W HermesRealtime: 	at java.util.concurrent.ThreadPoolExecutor$Worker.run(ThreadPoolExecutor.java:652)
04-21 21:28:03.854 19045 19158 W HermesRealtime: 	at java.lang.Thread.run(Thread.java:1564)
04-21 21:28:03.854 19045 19158 I HermesRealtime: gateway signalled unsupported; halting reconnect loop detail=WebSocket realtime is not implemented on Hermes WebUI /v1/events yet. fallbackPollEndpoints=/v1/dashboard, /v1/approvals, /v1/conversation
04-21 21:28:03.855 19045 19086 I HermesRealtime: loop exiting cancelled=true isActive=true
