--------- beginning of main
04-21 21:25:00.867 16946 17001 I HermesRealtime: connect attempt=0 url=https://jupiter.tailecd7e7.ts.net/v1/events tokenExpiresAt=paired-via-qr
04-21 21:25:01.065 16946 17078 W HermesRealtime: onFailure httpCode=426 elapsedMs=198 exception=ProtocolException message=Expected HTTP 101 response but was '426 Upgrade Required' bodyPreview={
04-21 21:25:01.065 16946 17078 W HermesRealtime:   "type": "events_unavailable",
04-21 21:25:01.065 16946 17078 W HermesRealtime:   "detail": "WebSocket realtime is not implemented on Hermes WebUI /v1/events yet.",
04-21 21:25:01.065 16946 17078 W HermesRealtime:   "supported": false,
04-21 21:25:01.065 16946 17078 W HermesRealtime:   "endpoint": "/v1/events",
04-21 21:25:01.065 16946 17078 W HermesRealtime:   "retryable": true,
04-21 21:25:01.065 16946 17078 W HermesRealtime:   "fallbac
04-21 21:25:01.065 16946 17078 W HermesRealtime: java.net.ProtocolException: Expected HTTP 101 response but was '426 Upgrade Required'
04-21 21:25:01.065 16946 17078 W HermesRealtime: 	at okhttp3.internal.ws.RealWebSocket.checkUpgradeSuccess$okhttp(RealWebSocket.kt:224)
04-21 21:25:01.065 16946 17078 W HermesRealtime: 	at okhttp3.internal.ws.RealWebSocket$connect$1.onResponse(RealWebSocket.kt:170)
04-21 21:25:01.065 16946 17078 W HermesRealtime: 	at okhttp3.internal.connection.RealCall$AsyncCall.run(RealCall.kt:519)
04-21 21:25:01.065 16946 17078 W HermesRealtime: 	at java.util.concurrent.ThreadPoolExecutor.runWorker(ThreadPoolExecutor.java:1154)
04-21 21:25:01.065 16946 17078 W HermesRealtime: 	at java.util.concurrent.ThreadPoolExecutor$Worker.run(ThreadPoolExecutor.java:652)
04-21 21:25:01.065 16946 17078 W HermesRealtime: 	at java.lang.Thread.run(Thread.java:1564)
04-21 21:25:01.066 16946 17001 I HermesRealtime: backoff attempt=1 seconds=2
04-21 21:25:03.069 16946 17001 I HermesRealtime: connect attempt=1 url=https://jupiter.tailecd7e7.ts.net/v1/events tokenExpiresAt=paired-via-qr
04-21 21:25:03.091 16946 17078 W HermesRealtime: onFailure httpCode=426 elapsedMs=21 exception=ProtocolException message=Expected HTTP 101 response but was '426 Upgrade Required' bodyPreview={
04-21 21:25:03.091 16946 17078 W HermesRealtime:   "type": "events_unavailable",
04-21 21:25:03.091 16946 17078 W HermesRealtime:   "detail": "WebSocket realtime is not implemented on Hermes WebUI /v1/events yet.",
04-21 21:25:03.091 16946 17078 W HermesRealtime:   "supported": false,
04-21 21:25:03.091 16946 17078 W HermesRealtime:   "endpoint": "/v1/events",
04-21 21:25:03.091 16946 17078 W HermesRealtime:   "retryable": true,
04-21 21:25:03.091 16946 17078 W HermesRealtime:   "fallbac
04-21 21:25:03.091 16946 17078 W HermesRealtime: java.net.ProtocolException: Expected HTTP 101 response but was '426 Upgrade Required'
04-21 21:25:03.091 16946 17078 W HermesRealtime: 	at okhttp3.internal.ws.RealWebSocket.checkUpgradeSuccess$okhttp(RealWebSocket.kt:224)
04-21 21:25:03.091 16946 17078 W HermesRealtime: 	at okhttp3.internal.ws.RealWebSocket$connect$1.onResponse(RealWebSocket.kt:170)
04-21 21:25:03.091 16946 17078 W HermesRealtime: 	at okhttp3.internal.connection.RealCall$AsyncCall.run(RealCall.kt:519)
04-21 21:25:03.091 16946 17078 W HermesRealtime: 	at java.util.concurrent.ThreadPoolExecutor.runWorker(ThreadPoolExecutor.java:1154)
04-21 21:25:03.091 16946 17078 W HermesRealtime: 	at java.util.concurrent.ThreadPoolExecutor$Worker.run(ThreadPoolExecutor.java:652)
04-21 21:25:03.091 16946 17078 W HermesRealtime: 	at java.lang.Thread.run(Thread.java:1564)
04-21 21:25:03.092 16946 17001 I HermesRealtime: backoff attempt=2 seconds=4
04-21 21:25:07.095 16946 17001 I HermesRealtime: connect attempt=2 url=https://jupiter.tailecd7e7.ts.net/v1/events tokenExpiresAt=paired-via-qr
04-21 21:25:07.112 16946 17078 W HermesRealtime: onFailure httpCode=426 elapsedMs=17 exception=ProtocolException message=Expected HTTP 101 response but was '426 Upgrade Required' bodyPreview={
04-21 21:25:07.112 16946 17078 W HermesRealtime:   "type": "events_unavailable",
04-21 21:25:07.112 16946 17078 W HermesRealtime:   "detail": "WebSocket realtime is not implemented on Hermes WebUI /v1/events yet.",
04-21 21:25:07.112 16946 17078 W HermesRealtime:   "supported": false,
04-21 21:25:07.112 16946 17078 W HermesRealtime:   "endpoint": "/v1/events",
04-21 21:25:07.112 16946 17078 W HermesRealtime:   "retryable": true,
04-21 21:25:07.112 16946 17078 W HermesRealtime:   "fallbac
04-21 21:25:07.112 16946 17078 W HermesRealtime: java.net.ProtocolException: Expected HTTP 101 response but was '426 Upgrade Required'
04-21 21:25:07.112 16946 17078 W HermesRealtime: 	at okhttp3.internal.ws.RealWebSocket.checkUpgradeSuccess$okhttp(RealWebSocket.kt:224)
04-21 21:25:07.112 16946 17078 W HermesRealtime: 	at okhttp3.internal.ws.RealWebSocket$connect$1.onResponse(RealWebSocket.kt:170)
04-21 21:25:07.112 16946 17078 W HermesRealtime: 	at okhttp3.internal.connection.RealCall$AsyncCall.run(RealCall.kt:519)
04-21 21:25:07.112 16946 17078 W HermesRealtime: 	at java.util.concurrent.ThreadPoolExecutor.runWorker(ThreadPoolExecutor.java:1154)
04-21 21:25:07.112 16946 17078 W HermesRealtime: 	at java.util.concurrent.ThreadPoolExecutor$Worker.run(ThreadPoolExecutor.java:652)
04-21 21:25:07.112 16946 17078 W HermesRealtime: 	at java.lang.Thread.run(Thread.java:1564)
04-21 21:25:07.113 16946 17001 I HermesRealtime: backoff attempt=3 seconds=8
