--------- beginning of main
04-21 21:32:26.476 21749 21800 I HermesSessionCtl: submit sessionId=20260421_093031_5329e2 action=pause candidates=/v1/sessions/20260421_093031_5329e2/actions, /v1/sessions/20260421_093031_5329e2/pause
04-21 21:32:26.476 21749 21800 I HermesSessionCtl: POST path=/v1/sessions/20260421_093031_5329e2/actions body={"action":"pause"}
04-21 21:32:26.625 21749 21800 I HermesSessionCtl: response path=/v1/sessions/20260421_093031_5329e2/actions body={
04-21 21:32:26.625 21749 21800 I HermesSessionCtl:   "sessionId": "20260421_093031_5329e2",
04-21 21:32:26.625 21749 21800 I HermesSessionCtl:   "action": "pause",
04-21 21:32:26.625 21749 21800 I HermesSessionCtl:   "status": "unsupported",
04-21 21:32:26.625 21749 21800 I HermesSessionCtl:   "detail": "Session-control actions are not mapped in Hermes WebUI yet.",
04-21 21:32:26.625 21749 21800 I HermesSessionCtl:   "updatedAt": "2026-04-22T01:32:26.235611+00:00",
04-21 21:32:26.625 21749 21800 I HermesSessionCtl:   "supported": false,
04-21 21:32:26.625 21749 21800 I HermesSessionCtl:   "endpoint": "/v1/sessions/20260421_093031_5329e2/actions"
04-21 21:32:26.625 21749 21800 I HermesSessionCtl: }
04-21 21:32:29.588 21749 21800 I HermesSessionCtl: submit sessionId=20260421_093031_5329e2 action=resume candidates=/v1/sessions/20260421_093031_5329e2/actions, /v1/sessions/20260421_093031_5329e2/resume
04-21 21:32:29.588 21749 21800 I HermesSessionCtl: POST path=/v1/sessions/20260421_093031_5329e2/actions body={"action":"resume"}
04-21 21:32:29.624 21749 21800 I HermesSessionCtl: response path=/v1/sessions/20260421_093031_5329e2/actions body={
04-21 21:32:29.624 21749 21800 I HermesSessionCtl:   "sessionId": "20260421_093031_5329e2",
04-21 21:32:29.624 21749 21800 I HermesSessionCtl:   "action": "resume",
04-21 21:32:29.624 21749 21800 I HermesSessionCtl:   "status": "unsupported",
04-21 21:32:29.624 21749 21800 I HermesSessionCtl:   "detail": "Session-control actions are not mapped in Hermes WebUI yet.",
04-21 21:32:29.624 21749 21800 I HermesSessionCtl:   "updatedAt": "2026-04-22T01:32:29.236245+00:00",
04-21 21:32:29.624 21749 21800 I HermesSessionCtl:   "supported": false,
04-21 21:32:29.624 21749 21800 I HermesSessionCtl:   "endpoint": "/v1/sessions/20260421_093031_5329e2/actions"
04-21 21:32:29.624 21749 21800 I HermesSessionCtl: }
